<?xml version="1.0" encoding="UTF-8"?>
<coverage generated="1539251167424" clover="3.2.0">
  <project timestamp="1539251167425" name="All files">
    <metrics statements="21" coveredstatements="20" conditionals="6" coveredconditionals="3" methods="3" coveredmethods="3" elements="30" coveredelements="26" complexity="0" loc="21" ncloc="21" packages="2" files="2" classes="2">
      <package name="server">
        <metrics statements="19" coveredstatements="18" conditionals="6" coveredconditionals="3" methods="2" coveredmethods="2"/>
        <file name="index.js" path="/Users/joacimastrom/Jayway/downtime-competence/fullstackplate/backend/src/server/index.js">
          <metrics statements="19" coveredstatements="18" conditionals="6" coveredconditionals="3" methods="2" coveredmethods="2"/>
          <line num="2" count="1" type="stmt"/>
          <line num="3" count="1" type="stmt"/>
          <line num="4" count="1" type="stmt"/>
          <line num="5" count="1" type="stmt"/>
          <line num="6" count="1" type="stmt"/>
          <line num="8" count="1" type="stmt"/>
          <line num="9" count="1" type="stmt"/>
          <line num="12" count="1" type="cond" truecount="1" falsecount="1"/>
          <line num="15" count="1" type="stmt"/>
          <line num="17" count="1" type="stmt"/>
          <line num="18" count="1" type="stmt"/>
          <line num="24" count="1" type="stmt"/>
          <line num="30" count="0" type="stmt"/>
          <line num="35" count="1" type="stmt"/>
          <line num="37" count="1" type="stmt"/>
          <line num="38" count="1" type="stmt"/>
          <line num="40" count="1" type="stmt"/>
          <line num="42" count="1" type="stmt"/>
          <line num="45" count="1" type="stmt"/>
        </file>
      </package>
      <package name="server.routes">
        <metrics statements="2" coveredstatements="2" conditionals="0" coveredconditionals="0" methods="1" coveredmethods="1"/>
        <file name="index.js" path="/Users/joacimastrom/Jayway/downtime-competence/fullstackplate/backend/src/server/routes/index.js">
          <metrics statements="2" coveredstatements="2" conditionals="0" coveredconditionals="0" methods="1" coveredmethods="1"/>
          <line num="1" count="1" type="stmt"/>
          <line num="2" count="1" type="stmt"/>
        </file>
      </package>
    </metrics>
  </project>
</coverage>
