TN:
SF:/Users/joacimastrom/Jayway/downtime-competence/fullstackplate/backend/src/server/index.js
FN:17,(anonymous_0)
FN:42,(anonymous_1)
FNF:2
FNH:2
FNDA:1,(anonymous_0)
FNDA:1,(anonymous_1)
DA:2,1
DA:3,1
DA:4,1
DA:5,1
DA:6,1
DA:8,1
DA:9,1
DA:12,1
DA:15,1
DA:17,1
DA:18,1
DA:24,1
DA:30,0
DA:35,1
DA:37,1
DA:38,1
DA:40,1
DA:42,1
DA:45,1
LF:19
LH:18
BRDA:12,0,0,1
BRDA:12,0,1,0
BRDA:13,1,0,1
BRDA:13,1,1,1
BRDA:14,2,0,0
BRDA:14,2,1,0
BRF:6
BRH:3
end_of_record
TN:
SF:/Users/joacimastrom/Jayway/downtime-competence/fullstackplate/backend/src/server/routes/index.js
FN:1,(anonymous_0)
FNF:1
FNH:1
FNDA:1,(anonymous_0)
DA:1,1
DA:2,1
LF:2
LH:2
BRF:0
BRH:0
end_of_record
